<?xml version="1.0" encoding="UTF-8"?>
<!-- Generated by org.testng.reporters.JUnitReportReporter -->
<testsuite skipped="0" hostname="DESKTOP-0OPINP0" name="org.example.AppTest" tests="1" failures="0" timestamp="2022-04-05T23:32:50 EET" time="0.016" errors="0">
  <testcase name="shouldAnswerWithTrue" time="0.016" classname="org.example.AppTest"/>
  <system-out/>
</testsuite> <!-- org.example.AppTest -->
